<?xml version="1.0" encoding="UTF-8"?>
<testsuite xmlns:xsi="http://www.w3.org/2001/XMLSchema-instance" xsi:noNamespaceSchemaLocation="https://maven.apache.org/surefire/maven-surefire-plugin/xsd/surefire-test-report.xsd" name="edu.eci.cvds.tdd.registry.RegistryTest" time="0" tests="5" errors="0" skipped="0" failures="0">
  <properties>
    <property name="java.specification.version" value="15"/>
    <property name="sun.cpu.isalist" value="amd64"/>
    <property name="sun.jnu.encoding" value="Cp1252"/>
    <property name="java.class.path" value="C:\Users\Nicolas\Documents\Universidad\CVDS\Corte 1\Semana 3\Laboratorio 3\Laboratorio-3\ClasesEquivalencia\target\test-classes;C:\Users\Nicolas\Documents\Universidad\CVDS\Corte 1\Semana 3\Laboratorio 3\Laboratorio-3\ClasesEquivalencia\target\classes;C:\Users\Nicolas\.m2\repository\junit\junit\4.13.2\junit-4.13.2.jar;C:\Users\Nicolas\.m2\repository\org\hamcrest\hamcrest-core\1.3\hamcrest-core-1.3.jar;C:\Users\Nicolas\.m2\repository\edu\eci\cvds\aerodescuentos\1.0.0\aerodescuentos-1.0.0.jar;"/>
    <property name="java.vm.vendor" value="Oracle Corporation"/>
    <property name="sun.arch.data.model" value="64"/>
    <property name="user.variant" value=""/>
    <property name="java.vendor.url" value="https://java.oracle.com/"/>
    <property name="user.timezone" value="America/Bogota"/>
    <property name="os.name" value="Windows 10"/>
    <property name="java.vm.specification.version" value="15"/>
    <property name="sun.java.launcher" value="SUN_STANDARD"/>
    <property name="user.country" value="CO"/>
    <property name="sun.boot.library.path" value="C:\Program Files\Java\jdk-15.0.1\bin"/>
    <property name="sun.java.command" value="C:\Users\Nicolas\AppData\Local\Temp\surefire7231119955954767553\surefirebooter121272206004969553.jar C:\Users\Nicolas\AppData\Local\Temp\surefire7231119955954767553 2021-08-31T18-35-15_570-jvmRun1 surefire605793304341140704tmp surefire_013703184404677110425tmp"/>
    <property name="jdk.debug" value="release"/>
    <property name="surefire.test.class.path" value="C:\Users\Nicolas\Documents\Universidad\CVDS\Corte 1\Semana 3\Laboratorio 3\Laboratorio-3\ClasesEquivalencia\target\test-classes;C:\Users\Nicolas\Documents\Universidad\CVDS\Corte 1\Semana 3\Laboratorio 3\Laboratorio-3\ClasesEquivalencia\target\classes;C:\Users\Nicolas\.m2\repository\junit\junit\4.13.2\junit-4.13.2.jar;C:\Users\Nicolas\.m2\repository\org\hamcrest\hamcrest-core\1.3\hamcrest-core-1.3.jar;C:\Users\Nicolas\.m2\repository\edu\eci\cvds\aerodescuentos\1.0.0\aerodescuentos-1.0.0.jar;"/>
    <property name="sun.cpu.endian" value="little"/>
    <property name="user.home" value="C:\Users\Nicolas"/>
    <property name="user.language" value="es"/>
    <property name="java.specification.vendor" value="Oracle Corporation"/>
    <property name="java.version.date" value="2020-10-20"/>
    <property name="java.home" value="C:\Program Files\Java\jdk-15.0.1"/>
    <property name="file.separator" value="\"/>
    <property name="basedir" value="C:\Users\Nicolas\Documents\Universidad\CVDS\Corte 1\Semana 3\Laboratorio 3\Laboratorio-3\ClasesEquivalencia"/>
    <property name="java.vm.compressedOopsMode" value="Zero based"/>
    <property name="line.separator" value="&#10;"/>
    <property name="java.vm.specification.vendor" value="Oracle Corporation"/>
    <property name="java.specification.name" value="Java Platform API Specification"/>
    <property name="surefire.real.class.path" value="C:\Users\Nicolas\AppData\Local\Temp\surefire7231119955954767553\surefirebooter121272206004969553.jar"/>
    <property name="user.script" value=""/>
    <property name="sun.management.compiler" value="HotSpot 64-Bit Tiered Compilers"/>
    <property name="java.runtime.version" value="15.0.1+9-18"/>
    <property name="user.name" value="Nicolas"/>
    <property name="path.separator" value=";"/>
    <property name="os.version" value="10.0"/>
    <property name="java.runtime.name" value="Java(TM) SE Runtime Environment"/>
    <property name="file.encoding" value="Cp1252"/>
    <property name="java.vm.name" value="Java HotSpot(TM) 64-Bit Server VM"/>
    <property name="localRepository" value="C:\Users\Nicolas\.m2\repository"/>
    <property name="java.vendor.url.bug" value="https://bugreport.java.com/bugreport/"/>
    <property name="java.io.tmpdir" value="C:\Users\Nicolas\AppData\Local\Temp\"/>
    <property name="java.version" value="15.0.1"/>
    <property name="user.dir" value="C:\Users\Nicolas\Documents\Universidad\CVDS\Corte 1\Semana 3\Laboratorio 3\Laboratorio-3\ClasesEquivalencia"/>
    <property name="os.arch" value="amd64"/>
    <property name="java.vm.specification.name" value="Java Virtual Machine Specification"/>
    <property name="sun.os.patch.level" value=""/>
    <property name="java.library.path" value="C:\Program Files\Java\jdk-15.0.1\bin;C:\Windows\Sun\Java\bin;C:\Windows\system32;C:\Windows;C:\Users\Nicolas\bin;C:\Program Files\Git\mingw64\bin;C:\Program Files\Git\usr\local\bin;C:\Program Files\Git\usr\bin;C:\Program Files\Git\usr\bin;C:\Program Files\Git\mingw64\bin;C:\Program Files\Git\usr\bin;C:\Users\Nicolas\bin;C:\Program Files\Common Files\Oracle\Java\javapath;C:\Program Files (x86)\Common Files\Oracle\Java\javapath;C:\Windows\system32;C:\Windows;C:\Windows\System32\Wbem;C:\Windows\System32\WindowsPowerShell\v1.0;C:\Windows\System32\OpenSSH;C:\Program Files\PuTTY;C:\Program Files\Git\cmd;C:\Program Files (x86)\Windows Live\Shared;C:\Program Files (x86)\Microsoft SQL Server\150\DTS\Binn;C:\Program Files\Azure Data Studio\bin;C:\Program Files\dotnet;C:\Program Files (x86)\dotnet;C:\Users\Nicolas\AppData\Local\Microsoft\WindowsApps;C:\Users\Nicolas\AppData\Local\Programs\Microsoft VS Code\bin;C:\Program Files\apache-maven-3.8.2\bin;C:\Program Files\Azure Data Studio\bin;C:\Program Files\Git\usr\bin\vendor_perl;C:\Program Files\Git\usr\bin\core_perl;."/>
    <property name="java.vm.info" value="mixed mode, sharing"/>
    <property name="java.vendor" value="Oracle Corporation"/>
    <property name="java.vm.version" value="15.0.1+9-18"/>
    <property name="sun.io.unicode.encoding" value="UnicodeLittle"/>
    <property name="java.class.version" value="59.0"/>
  </properties>
  <testcase name="validateUnderAge" classname="edu.eci.cvds.tdd.registry.RegistryTest" time="0"/>
  <testcase name="validateIsDead" classname="edu.eci.cvds.tdd.registry.RegistryTest" time="0"/>
  <testcase name="validateDuplicate" classname="edu.eci.cvds.tdd.registry.RegistryTest" time="0"/>
  <testcase name="validateInvalidAge" classname="edu.eci.cvds.tdd.registry.RegistryTest" time="0"/>
  <testcase name="validateRegistryResult" classname="edu.eci.cvds.tdd.registry.RegistryTest" time="0"/>
</testsuite>